This is pdfTeX, Version 3.1415926-1.40.10 (TeX Live 2009/Debian) (format=pdflatex 2014.7.15)  22 APR 2015 21:11
entering extended mode
 %&-line parsing enabled.
**informe(1).tex
(./informe(1).tex
LaTeX2e <2009/09/24>
Babel <v3.8l> and hyphenation patterns for english, usenglishmax, dumylang, noh
yphenation, loaded.
(/usr/share/texmf-texlive/tex/latex/base/article.cls
Document Class: article 2007/10/19 v1.4h Standard LaTeX document class
(/usr/share/texmf-texlive/tex/latex/base/size10.clo
File: size10.clo 2007/10/19 v1.4h Standard LaTeX file (size option)
)
\c@part=\count79
\c@section=\count80
\c@subsection=\count81
\c@subsubsection=\count82
\c@paragraph=\count83
\c@subparagraph=\count84
\c@figure=\count85
\c@table=\count86
\abovecaptionskip=\skip41
\belowcaptionskip=\skip42
\bibindent=\dimen102
)
(/usr/share/texmf-texlive/tex/latex/geometry/geometry.sty
Package: geometry 2008/12/21 v4.2 Page Geometry

(/usr/share/texmf-texlive/tex/latex/graphics/keyval.sty
Package: keyval 1999/03/16 v1.13 key=value parser (DPC)
\KV@toks@=\toks14
)
(/usr/share/texmf-texlive/tex/generic/oberdiek/ifpdf.sty
Package: ifpdf 2009/04/10 v2.0 Provides the ifpdf switch (HO)
Package ifpdf Info: pdfTeX in pdf mode detected.
)
(/usr/share/texmf-texlive/tex/generic/oberdiek/ifvtex.sty
Package: ifvtex 2008/11/04 v1.4 Switches for detecting VTeX and its modes (HO)
Package ifvtex Info: VTeX not detected.
)
\Gm@cnth=\count87
\Gm@cntv=\count88
\c@Gm@tempcnt=\count89
\Gm@bindingoffset=\dimen103
\Gm@wd@mp=\dimen104
\Gm@odd@mp=\dimen105
\Gm@even@mp=\dimen106
\Gm@dimlist=\toks15
)
(/usr/share/texmf-texlive/tex/latex/base/inputenc.sty
Package: inputenc 2008/03/30 v1.1d Input encoding file
\inpenc@prehook=\toks16
\inpenc@posthook=\toks17

(/usr/share/texmf-texlive/tex/latex/base/utf8.def
File: utf8.def 2008/04/05 v1.1m UTF-8 support for inputenc
Now handling font encoding OML ...
... no UTF-8 mapping file for font encoding OML
Now handling font encoding T1 ...
... processing UTF-8 mapping file for font encoding T1

(/usr/share/texmf-texlive/tex/latex/base/t1enc.dfu
File: t1enc.dfu 2008/04/05 v1.1m UTF-8 support for inputenc
   defining Unicode char U+00A1 (decimal 161)
   defining Unicode char U+00A3 (decimal 163)
   defining Unicode char U+00AB (decimal 171)
   defining Unicode char U+00BB (decimal 187)
   defining Unicode char U+00BF (decimal 191)
   defining Unicode char U+00C0 (decimal 192)
   defining Unicode char U+00C1 (decimal 193)
   defining Unicode char U+00C2 (decimal 194)
   defining Unicode char U+00C3 (decimal 195)
   defining Unicode char U+00C4 (decimal 196)
   defining Unicode char U+00C5 (decimal 197)
   defining Unicode char U+00C6 (decimal 198)
   defining Unicode char U+00C7 (decimal 199)
   defining Unicode char U+00C8 (decimal 200)
   defining Unicode char U+00C9 (decimal 201)
   defining Unicode char U+00CA (decimal 202)
   defining Unicode char U+00CB (decimal 203)
   defining Unicode char U+00CC (decimal 204)
   defining Unicode char U+00CD (decimal 205)
   defining Unicode char U+00CE (decimal 206)
   defining Unicode char U+00CF (decimal 207)
   defining Unicode char U+00D0 (decimal 208)
   defining Unicode char U+00D1 (decimal 209)
   defining Unicode char U+00D2 (decimal 210)
   defining Unicode char U+00D3 (decimal 211)
   defining Unicode char U+00D4 (decimal 212)
   defining Unicode char U+00D5 (decimal 213)
   defining Unicode char U+00D6 (decimal 214)
   defining Unicode char U+00D8 (decimal 216)
   defining Unicode char U+00D9 (decimal 217)
   defining Unicode char U+00DA (decimal 218)
   defining Unicode char U+00DB (decimal 219)
   defining Unicode char U+00DC (decimal 220)
   defining Unicode char U+00DD (decimal 221)
   defining Unicode char U+00DE (decimal 222)
   defining Unicode char U+00DF (decimal 223)
   defining Unicode char U+00E0 (decimal 224)
   defining Unicode char U+00E1 (decimal 225)
   defining Unicode char U+00E2 (decimal 226)
   defining Unicode char U+00E3 (decimal 227)
   defining Unicode char U+00E4 (decimal 228)
   defining Unicode char U+00E5 (decimal 229)
   defining Unicode char U+00E6 (decimal 230)
   defining Unicode char U+00E7 (decimal 231)
   defining Unicode char U+00E8 (decimal 232)
   defining Unicode char U+00E9 (decimal 233)
   defining Unicode char U+00EA (decimal 234)
   defining Unicode char U+00EB (decimal 235)
   defining Unicode char U+00EC (decimal 236)
   defining Unicode char U+00ED (decimal 237)
   defining Unicode char U+00EE (decimal 238)
   defining Unicode char U+00EF (decimal 239)
   defining Unicode char U+00F0 (decimal 240)
   defining Unicode char U+00F1 (decimal 241)
   defining Unicode char U+00F2 (decimal 242)
   defining Unicode char U+00F3 (decimal 243)
   defining Unicode char U+00F4 (decimal 244)
   defining Unicode char U+00F5 (decimal 245)
   defining Unicode char U+00F6 (decimal 246)
   defining Unicode char U+00F8 (decimal 248)
   defining Unicode char U+00F9 (decimal 249)
   defining Unicode char U+00FA (decimal 250)
   defining Unicode char U+00FB (decimal 251)
   defining Unicode char U+00FC (decimal 252)
   defining Unicode char U+00FD (decimal 253)
   defining Unicode char U+00FE (decimal 254)
   defining Unicode char U+00FF (decimal 255)
   defining Unicode char U+0102 (decimal 258)
   defining Unicode char U+0103 (decimal 259)
   defining Unicode char U+0104 (decimal 260)
   defining Unicode char U+0105 (decimal 261)
   defining Unicode char U+0106 (decimal 262)
   defining Unicode char U+0107 (decimal 263)
   defining Unicode char U+010C (decimal 268)
   defining Unicode char U+010D (decimal 269)
   defining Unicode char U+010E (decimal 270)
   defining Unicode char U+010F (decimal 271)
   defining Unicode char U+0110 (decimal 272)
   defining Unicode char U+0111 (decimal 273)
   defining Unicode char U+0118 (decimal 280)
   defining Unicode char U+0119 (decimal 281)
   defining Unicode char U+011A (decimal 282)
   defining Unicode char U+011B (decimal 283)
   defining Unicode char U+011E (decimal 286)
   defining Unicode char U+011F (decimal 287)
   defining Unicode char U+0130 (decimal 304)
   defining Unicode char U+0131 (decimal 305)
   defining Unicode char U+0132 (decimal 306)
   defining Unicode char U+0133 (decimal 307)
   defining Unicode char U+0139 (decimal 313)
   defining Unicode char U+013A (decimal 314)
   defining Unicode char U+013D (decimal 317)
   defining Unicode char U+013E (decimal 318)
   defining Unicode char U+0141 (decimal 321)
   defining Unicode char U+0142 (decimal 322)
   defining Unicode char U+0143 (decimal 323)
   defining Unicode char U+0144 (decimal 324)
   defining Unicode char U+0147 (decimal 327)
   defining Unicode char U+0148 (decimal 328)
   defining Unicode char U+014A (decimal 330)
   defining Unicode char U+014B (decimal 331)
   defining Unicode char U+0150 (decimal 336)
   defining Unicode char U+0151 (decimal 337)
   defining Unicode char U+0152 (decimal 338)
   defining Unicode char U+0153 (decimal 339)
   defining Unicode char U+0154 (decimal 340)
   defining Unicode char U+0155 (decimal 341)
   defining Unicode char U+0158 (decimal 344)
   defining Unicode char U+0159 (decimal 345)
   defining Unicode char U+015A (decimal 346)
   defining Unicode char U+015B (decimal 347)
   defining Unicode char U+015E (decimal 350)
   defining Unicode char U+015F (decimal 351)
   defining Unicode char U+0160 (decimal 352)
   defining Unicode char U+0161 (decimal 353)
   defining Unicode char U+0162 (decimal 354)
   defining Unicode char U+0163 (decimal 355)
   defining Unicode char U+0164 (decimal 356)
   defining Unicode char U+0165 (decimal 357)
   defining Unicode char U+016E (decimal 366)
   defining Unicode char U+016F (decimal 367)
   defining Unicode char U+0170 (decimal 368)
   defining Unicode char U+0171 (decimal 369)
   defining Unicode char U+0178 (decimal 376)
   defining Unicode char U+0179 (decimal 377)
   defining Unicode char U+017A (decimal 378)
   defining Unicode char U+017B (decimal 379)
   defining Unicode char U+017C (decimal 380)
   defining Unicode char U+017D (decimal 381)
   defining Unicode char U+017E (decimal 382)
   defining Unicode char U+200C (decimal 8204)
   defining Unicode char U+2013 (decimal 8211)
   defining Unicode char U+2014 (decimal 8212)
   defining Unicode char U+2018 (decimal 8216)
   defining Unicode char U+2019 (decimal 8217)
   defining Unicode char U+201A (decimal 8218)
   defining Unicode char U+201C (decimal 8220)
   defining Unicode char U+201D (decimal 8221)
   defining Unicode char U+201E (decimal 8222)
   defining Unicode char U+2030 (decimal 8240)
   defining Unicode char U+2031 (decimal 8241)
   defining Unicode char U+2039 (decimal 8249)
   defining Unicode char U+203A (decimal 8250)
   defining Unicode char U+2423 (decimal 9251)
)
Now handling font encoding OT1 ...
... processing UTF-8 mapping file for font encoding OT1

(/usr/share/texmf-texlive/tex/latex/base/ot1enc.dfu
File: ot1enc.dfu 2008/04/05 v1.1m UTF-8 support for inputenc
   defining Unicode char U+00A1 (decimal 161)
   defining Unicode char U+00A3 (decimal 163)
   defining Unicode char U+00B8 (decimal 184)
   defining Unicode char U+00BF (decimal 191)
   defining Unicode char U+00C5 (decimal 197)
   defining Unicode char U+00C6 (decimal 198)
   defining Unicode char U+00D8 (decimal 216)
   defining Unicode char U+00DF (decimal 223)
   defining Unicode char U+00E6 (decimal 230)
   defining Unicode char U+00EC (decimal 236)
   defining Unicode char U+00ED (decimal 237)
   defining Unicode char U+00EE (decimal 238)
   defining Unicode char U+00EF (decimal 239)
   defining Unicode char U+00F8 (decimal 248)
   defining Unicode char U+0131 (decimal 305)
   defining Unicode char U+0141 (decimal 321)
   defining Unicode char U+0142 (decimal 322)
   defining Unicode char U+0152 (decimal 338)
   defining Unicode char U+0153 (decimal 339)
   defining Unicode char U+2013 (decimal 8211)
   defining Unicode char U+2014 (decimal 8212)
   defining Unicode char U+2018 (decimal 8216)
   defining Unicode char U+2019 (decimal 8217)
   defining Unicode char U+201C (decimal 8220)
   defining Unicode char U+201D (decimal 8221)
)
Now handling font encoding OMS ...
... processing UTF-8 mapping file for font encoding OMS

(/usr/share/texmf-texlive/tex/latex/base/omsenc.dfu
File: omsenc.dfu 2008/04/05 v1.1m UTF-8 support for inputenc
   defining Unicode char U+00A7 (decimal 167)
   defining Unicode char U+00B6 (decimal 182)
   defining Unicode char U+00B7 (decimal 183)
   defining Unicode char U+2020 (decimal 8224)
   defining Unicode char U+2021 (decimal 8225)
   defining Unicode char U+2022 (decimal 8226)
)
Now handling font encoding OMX ...
... no UTF-8 mapping file for font encoding OMX
Now handling font encoding U ...
... no UTF-8 mapping file for font encoding U
   defining Unicode char U+00A9 (decimal 169)
   defining Unicode char U+00AA (decimal 170)
   defining Unicode char U+00AE (decimal 174)
   defining Unicode char U+00BA (decimal 186)
   defining Unicode char U+02C6 (decimal 710)
   defining Unicode char U+02DC (decimal 732)
   defining Unicode char U+200C (decimal 8204)
   defining Unicode char U+2026 (decimal 8230)
   defining Unicode char U+2122 (decimal 8482)
   defining Unicode char U+2423 (decimal 9251)
))
(/usr/share/texmf-texlive/tex/latex/fancyhdr/fancyhdr.sty
\fancy@headwidth=\skip43
\f@ncyO@elh=\skip44
\f@ncyO@erh=\skip45
\f@ncyO@olh=\skip46
\f@ncyO@orh=\skip47
\f@ncyO@elf=\skip48
\f@ncyO@erf=\skip49
\f@ncyO@olf=\skip50
\f@ncyO@orf=\skip51
) (./lastpage.sty
Package: lastpage 1994/06/25 v0.1b LaTeX2e package for refs to last page number
 (JPG)
)
(/usr/share/texmf-texlive/tex/latex/graphics/graphicx.sty
Package: graphicx 1999/02/16 v1.0f Enhanced LaTeX Graphics (DPC,SPQR)

(/usr/share/texmf-texlive/tex/latex/graphics/graphics.sty
Package: graphics 2009/02/05 v1.0o Standard LaTeX Graphics (DPC,SPQR)

(/usr/share/texmf-texlive/tex/latex/graphics/trig.sty
Package: trig 1999/03/16 v1.09 sin cos tan (DPC)
)
(/etc/texmf/tex/latex/config/graphics.cfg
File: graphics.cfg 2009/08/28 v1.8 graphics configuration of TeX Live
)
Package graphics Info: Driver file: pdftex.def on input line 91.

(/usr/share/texmf-texlive/tex/latex/pdftex-def/pdftex.def
File: pdftex.def 2010/03/12 v0.04p Graphics/color for pdfTeX
\Gread@gobject=\count90
))
\Gin@req@height=\dimen107
\Gin@req@width=\dimen108
) (./informe(1).aux)
\openout1 = `informe(1).aux'.

LaTeX Font Info:    Checking defaults for OML/cmm/m/it on input line 29.
LaTeX Font Info:    ... okay on input line 29.
LaTeX Font Info:    Checking defaults for T1/cmr/m/n on input line 29.
LaTeX Font Info:    ... okay on input line 29.
LaTeX Font Info:    Checking defaults for OT1/cmr/m/n on input line 29.
LaTeX Font Info:    ... okay on input line 29.
LaTeX Font Info:    Checking defaults for OMS/cmsy/m/n on input line 29.
LaTeX Font Info:    ... okay on input line 29.
LaTeX Font Info:    Checking defaults for OMX/cmex/m/n on input line 29.
LaTeX Font Info:    ... okay on input line 29.
LaTeX Font Info:    Checking defaults for U/cmr/m/n on input line 29.
LaTeX Font Info:    ... okay on input line 29.
*geometry auto-detecting driver*
*geometry detected driver: pdftex*
-------------------- Geometry parameters
paper: a4paper
landscape: --
twocolumn: --
twoside: true
asymmetric: --
h-parts: 72.26999pt, 452.9679pt, 72.26999pt
v-parts: 72.26999pt, 700.50687pt, 72.26999pt
hmarginratio: --
vmarginratio: --
lines: --
heightrounded: --
bindingoffset: 0.0pt
truedimen: --
includehead: --
includefoot: --
includemp: --
driver: pdftex
-------------------- Page layout dimensions and switches
\paperwidth  597.50787pt
\paperheight 845.04684pt
\textwidth  452.9679pt
\textheight 700.50687pt
\oddsidemargin  0.0pt
\evensidemargin 0.0pt
\topmargin  -37.0pt
\headheight 12.0pt
\headsep    25.0pt
\footskip   30.0pt
\marginparwidth 111.0pt
\marginparsep   11.0pt
\columnsep  10.0pt
\skip\footins  9.0pt plus 4.0pt minus 2.0pt
\hoffset 0.0pt
\voffset 0.0pt
\mag 1000
\@twosidetrue \@mparswitchtrue 
(1in=72.27pt, 1cm=28.45pt)
-----------------------
(/usr/share/texmf-texlive/tex/context/base/supp-pdf.mkii
[Loading MPS to PDF converter (version 2006.09.02).]
\scratchcounter=\count91
\scratchdimen=\dimen109
\scratchbox=\box26
\nofMPsegments=\count92
\nofMParguments=\count93
\everyMPshowfont=\toks18
\MPscratchCnt=\count94
\MPscratchDim=\dimen110
\MPnumerator=\count95
\everyMPtoPDFconversion=\toks19
) <DC.png, id=1, 802.9197pt x 287.6346pt>
File: DC.png Graphic file (type png)
 <use DC.png>
<UBA.jpg, id=3, 233.4321pt x 233.9139pt>
File: UBA.jpg Graphic file (type jpg)
 <use UBA.jpg>
LaTeX Font Info:    External font `cmex10' loaded for size
(Font)              <7> on input line 71.
LaTeX Font Info:    External font `cmex10' loaded for size
(Font)              <5> on input line 71.
 [1

{/var/lib/texmf/fonts/map/pdftex/updmap/pdftex.map} <./DC.png> <./UBA.jpg>] (./
informe(1).toc)
\tf@toc=\write3
\openout3 = `informe(1).toc'.


[2]
Underfull \hbox (badness 10000) in paragraph at lines 103--110

 []

[3] (./parte1.tex
LaTeX Font Info:    Try loading font information for OMS+cmr on input line 4.
 (/usr/share/texmf-texlive/tex/latex/base/omscmr.fd
File: omscmr.fd 1999/05/25 v2.5h Standard LaTeX font definitions
)
LaTeX Font Info:    Font shape `OMS/cmr/m/n' in size <10> not available
(Font)              Font shape `OMS/cmsy/m/n' tried instead on input line 4.

Overfull \hbox (9.02808pt too wide) in paragraph at lines 39--39
[]                              \OT1/cmtt/m/n/10 ciclos = rand() % (params[2] -
 params[1] + 1) + params[1];[] 
 []

<ejercicio2-1nucleo.png, id=21, 1030.85126pt x 157.58875pt>
File: ejercicio2-1nucleo.png Graphic file (type png)

<use ejercicio2-1nucleo.png>
Overfull \hbox (62.45647pt too wide) in paragraph at lines 59--61
 [] 
 []

[4] <ejercicio2-2nucleo.png, id=28, 1030.85126pt x 187.70125pt>
File: ejercicio2-2nucleo.png Graphic file (type png)

<use ejercicio2-2nucleo.png>
Overfull \hbox (62.45647pt too wide) in paragraph at lines 67--69
 [] 
 []

<ejercicio2-3nucleo.png, id=29, 1030.85126pt x 187.70125pt>
File: ejercicio2-3nucleo.png Graphic file (type png)

<use ejercicio2-3nucleo.png>
Overfull \hbox (62.45647pt too wide) in paragraph at lines 74--76
 [] 
 []

)
Underfull \hbox (badness 10000) in paragraph at lines 79--121

 []

[5 <./ejercicio2-1nucleo.png (PNG copy)> <./ejercicio2-2nucleo.png (PNG copy)> 
<./ejercicio2-3nucleo.png (PNG copy)>] (./parte2.tex
Underfull \hbox (badness 10000) in paragraph at lines 13--14

 []


Underfull \hbox (badness 10000) in paragraph at lines 34--37

 []


Underfull \hbox (badness 10000) in paragraph at lines 51--53

 []


Underfull \hbox (badness 10000) in paragraph at lines 66--82

 []

[6]
Underfull \hbox (badness 10000) in paragraph at lines 83--85

 []

<./EJ4_RR/ejercicio4-1nucleo.png, id=36, 1030.85126pt x 217.81375pt>
File: ./EJ4_RR/ejercicio4-1nucleo.png Graphic file (type png)

<use ./EJ4_RR/ejercicio4-1nucleo.png>
Underfull \hbox (badness 10000) in paragraph at lines 106--109

 []


Underfull \hbox (badness 10000) in paragraph at lines 106--109

 []

<./EJ4_RR/ejercicio4-2nucleo.png, id=37, 1030.85126pt x 247.92625pt>
File: ./EJ4_RR/ejercicio4-2nucleo.png Graphic file (type png)

<use ./EJ4_RR/ejercicio4-2nucleo.png>
<./EJ4_RR/ejercicio4-3nucleo.png, id=38, 1030.85126pt x 247.92625pt>
File: ./EJ4_RR/ejercicio4-3nucleo.png Graphic file (type png)

<use ./EJ4_RR/ejercicio4-3nucleo.png> [7 <./EJ4_RR/ejercicio4-1nucleo.png (PNG 
copy)> <./EJ4_RR/ejercicio4-2nucleo.png (PNG copy)>]
Underfull \hbox (badness 10000) in paragraph at lines 120--122

 []

<./EJ4_RR/ejercicio4-2lote1nucleo.png, id=43, 1030.85126pt x 217.81375pt>
File: ./EJ4_RR/ejercicio4-2lote1nucleo.png Graphic file (type png)

<use ./EJ4_RR/ejercicio4-2lote1nucleo.png>
<./EJ4_RR/ejercicio4-2lote2nucleo.png, id=44, 1030.85126pt x 217.81375pt>
File: ./EJ4_RR/ejercicio4-2lote2nucleo.png Graphic file (type png)

<use ./EJ4_RR/ejercicio4-2lote2nucleo.png>
<./EJ4_RR/ejercicio4-2lote3nucleo.png, id=45, 1030.85126pt x 217.81375pt>
File: ./EJ4_RR/ejercicio4-2lote3nucleo.png Graphic file (type png)

<use ./EJ4_RR/ejercicio4-2lote3nucleo.png>
Underfull \hbox (badness 10000) in paragraph at lines 150--152

 []


Underfull \hbox (badness 10000) in paragraph at lines 153--154

 []

[8 <./EJ4_RR/ejercicio4-3nucleo.png (PNG copy)> <./EJ4_RR/ejercicio4-2lote1nucl
eo.png (PNG copy)> <./EJ4_RR/ejercicio4-2lote2nucleo.png (PNG copy)> <./EJ4_RR/
ejercicio4-2lote3nucleo.png (PNG copy)>]
Underfull \hbox (badness 10000) in paragraph at lines 161--163

 []


Underfull \hbox (badness 10000) in paragraph at lines 174--178

 []


Underfull \hbox (badness 10000) in paragraph at lines 184--187

 []


Underfull \hbox (badness 10000) in paragraph at lines 192--193

 []


Underfull \hbox (badness 10000) in paragraph at lines 201--206

 []


Underfull \hbox (badness 10000) in paragraph at lines 207--210

 []

[9]
Underfull \hbox (badness 10000) in paragraph at lines 249--251

 []


Underfull \hbox (badness 10000) in paragraph at lines 252--254

 []


Underfull \hbox (badness 10000) in paragraph at lines 261--263

 []


Underfull \hbox (badness 10000) in paragraph at lines 264--266

 []


Underfull \hbox (badness 10000) in paragraph at lines 284--287

 []


Underfull \hbox (badness 10000) in paragraph at lines 288--290

 []

[10]
Underfull \hbox (badness 10000) in paragraph at lines 305--306

 []

)
Underfull \hbox (badness 10000) in paragraph at lines 307--127

 []

[11] (./parte3.tex
Underfull \hbox (badness 10000) in paragraph at lines 34--36

 []


Underfull \hbox (badness 10000) in paragraph at lines 60--64

 []

[12]
Underfull \hbox (badness 10000) in paragraph at lines 81--86

 []

<./EJ7/turnarounddistquan.png, id=63, 577.15625pt x 327.2225pt>
File: ./EJ7/turnarounddistquan.png Graphic file (type png)

<use ./EJ7/turnarounddistquan.png>
Underfull \hbox (badness 10000) in paragraph at lines 93--97

 []

[13 <./EJ7/turnarounddistquan.png>]
<./EJ7/ej7tour2core1quan.png, id=68, 1030.85126pt x 247.92625pt>
File: ./EJ7/ej7tour2core1quan.png Graphic file (type png)

<use ./EJ7/ej7tour2core1quan.png>
<./EJ7/ej7tour2core3quan.png, id=69, 1030.85126pt x 247.92625pt>
File: ./EJ7/ej7tour2core3quan.png Graphic file (type png)

<use ./EJ7/ej7tour2core3quan.png>
<./EJ7/ej7tour2core4quan.png, id=70, 1030.85126pt x 247.92625pt>
File: ./EJ7/ej7tour2core4quan.png Graphic file (type png)

<use ./EJ7/ej7tour2core4quan.png>
Underfull \hbox (badness 10000) in paragraph at lines 136--138

 []

<./EJ7/ej7tour2core5quan.png, id=71, 1030.85126pt x 247.92625pt>
File: ./EJ7/ej7tour2core5quan.png Graphic file (type png)

<use ./EJ7/ej7tour2core5quan.png>
<./EJ7/ej7tour2core8quan.png, id=72, 1030.85126pt x 247.92625pt>
File: ./EJ7/ej7tour2core8quan.png Graphic file (type png)

<use ./EJ7/ej7tour2core8quan.png> [14 <./EJ7/ej7tour2core1quan.png (PNG copy)> 
<./EJ7/ej7tour2core3quan.png (PNG copy)> <./EJ7/ej7tour2core4quan.png (PNG copy
)> <./EJ7/ej7tour2core5quan.png (PNG copy)>]
<./EJ7/tour2core.png, id=76, 575.14874pt x 358.33875pt>
File: ./EJ7/tour2core.png Graphic file (type png)

<use ./EJ7/tour2core.png>
<./EJ7/waiting2core.jpg, id=77, 565.11125pt x 342.27875pt>
File: ./EJ7/waiting2core.jpg Graphic file (type jpg)

<use ./EJ7/waiting2core.jpg>
Underfull \vbox (badness 10000) has occurred while \output is active []

 [15 <./EJ7/ej7tour2core8quan.png (PNG copy)> <./EJ7/tour2core.png>]
Underfull \hbox (badness 10000) in paragraph at lines 172--174

 []

<./EJ7/ej7tour3core1quan.png, id=81, 1030.85126pt x 247.92625pt>
File: ./EJ7/ej7tour3core1quan.png Graphic file (type png)

<use ./EJ7/ej7tour3core1quan.png>
Underfull \hbox (badness 10000) in paragraph at lines 185--187

 []

<./EJ7/ej7tour3core4quan.png, id=82, 1030.85126pt x 247.92625pt>
File: ./EJ7/ej7tour3core4quan.png Graphic file (type png)

<use ./EJ7/ej7tour3core4quan.png>
<./EJ7/ej7tour3core5quan.png, id=83, 1030.85126pt x 247.92625pt>
File: ./EJ7/ej7tour3core5quan.png Graphic file (type png)

<use ./EJ7/ej7tour3core5quan.png> [16 <./EJ7/waiting2core.jpg> <./EJ7/ej7tour3c
ore1quan.png (PNG copy)> <./EJ7/ej7tour3core4quan.png (PNG copy)>]
<./EJ7/ej7tour7core6quan.png, id=87, 1030.85126pt x 247.92625pt>
File: ./EJ7/ej7tour7core6quan.png Graphic file (type png)

<use ./EJ7/ej7tour7core6quan.png>
<./EJ7/ej7tour8core6quan.png, id=88, 1030.85126pt x 247.92625pt>
File: ./EJ7/ej7tour8core6quan.png Graphic file (type png)

<use ./EJ7/ej7tour8core6quan.png>
Underfull \hbox (badness 10000) in paragraph at lines 211--215

 []

<./EJ7/tour3core.png, id=89, 566.115pt x 322.20375pt>
File: ./EJ7/tour3core.png Graphic file (type png)

<use ./EJ7/tour3core.png>
Underfull \vbox (badness 10000) has occurred while \output is active []

 [17 <./EJ7/ej7tour3core5quan.png (PNG copy)> <./EJ7/ej7tour7core6quan.png (PNG
 copy)> <./EJ7/ej7tour8core6quan.png (PNG copy)>]
<./EJ7/waintin3core.jpg, id=93, 570.13pt x 301.125pt>
File: ./EJ7/waintin3core.jpg Graphic file (type jpg)

<use ./EJ7/waintin3core.jpg>
Underfull \hbox (badness 10000) in paragraph at lines 232--234

 []

[18 <./EJ7/tour3core.png> <./EJ7/waintin3core.jpg>]
Underfull \hbox (badness 10000) in paragraph at lines 259--264

 []


Underfull \hbox (badness 10000) in paragraph at lines 300--301

 []


Underfull \hbox (badness 10000) in paragraph at lines 302--303

 []


Underfull \hbox (badness 10000) in paragraph at lines 307--308

 []

[19]
Underfull \hbox (badness 10000) in paragraph at lines 319--321

 []

<./EJ8_RR2/dif1corerr.png, id=101, 1030.85126pt x 217.81375pt>
File: ./EJ8_RR2/dif1corerr.png Graphic file (type png)

<use ./EJ8_RR2/dif1corerr.png>
<./EJ8_RR2/dif1corerr2.png, id=102, 1030.85126pt x 217.81375pt>
File: ./EJ8_RR2/dif1corerr2.png Graphic file (type png)

<use ./EJ8_RR2/dif1corerr2.png>
Underfull \hbox (badness 10000) in paragraph at lines 342--343

 []

<./EJ8_RR2/dif2corerr.png, id=103, 1030.85126pt x 217.81375pt>
File: ./EJ8_RR2/dif2corerr.png Graphic file (type png)

<use ./EJ8_RR2/dif2corerr.png>
<./EJ8_RR2/dif2corerr2.png, id=104, 1030.85126pt x 217.81375pt>
File: ./EJ8_RR2/dif2corerr2.png Graphic file (type png)

<use ./EJ8_RR2/dif2corerr2.png> [20 <./EJ8_RR2/dif1corerr.png (PNG copy)> <./EJ
8_RR2/dif1corerr2.png (PNG copy)> <./EJ8_RR2/dif2corerr.png (PNG copy)>]
Underfull \hbox (badness 10000) in paragraph at lines 354--357

 []


Underfull \hbox (badness 10000) in paragraph at lines 358--359

 []

<./EJ8_RR2/dif3corerr.png, id=108, 1030.85126pt x 217.81375pt>
File: ./EJ8_RR2/dif3corerr.png Graphic file (type png)

<use ./EJ8_RR2/dif3corerr.png>
<./EJ8_RR2/dif3corerr2.png, id=109, 1030.85126pt x 217.81375pt>
File: ./EJ8_RR2/dif3corerr2.png Graphic file (type png)

<use ./EJ8_RR2/dif3corerr2.png>
Underfull \hbox (badness 10000) in paragraph at lines 370--373

 []


Underfull \hbox (badness 10000) in paragraph at lines 374--375

 []


Underfull \hbox (badness 10000) in paragraph at lines 377--378

 []


Underfull \hbox (badness 10000) in paragraph at lines 379--381

 []


Underfull \hbox (badness 10000) in paragraph at lines 382--383

 []


Underfull \hbox (badness 10000) in paragraph at lines 392--393

 []

<./EJ8_RR2/dif10corerr.png, id=110, 1030.85126pt x 247.92625pt>
File: ./EJ8_RR2/dif10corerr.png Graphic file (type png)

<use ./EJ8_RR2/dif10corerr.png> [21 <./EJ8_RR2/dif2corerr2.png (PNG copy)> <./E
J8_RR2/dif3corerr.png (PNG copy)> <./EJ8_RR2/dif3corerr2.png (PNG copy)>]
<./EJ8_RR2/dif10corerr2.png, id=114, 1030.85126pt x 247.92625pt>
File: ./EJ8_RR2/dif10corerr2.png Graphic file (type png)

<use ./EJ8_RR2/dif10corerr2.png>
Underfull \hbox (badness 10000) in paragraph at lines 404--409

 []


Underfull \hbox (badness 10000) in paragraph at lines 410--411

 []


Underfull \hbox (badness 10000) in paragraph at lines 415--417

 []

<./EJ8_RR2/dif5corerr.png, id=115, 1030.85126pt x 247.92625pt>
File: ./EJ8_RR2/dif5corerr.png Graphic file (type png)

<use ./EJ8_RR2/dif5corerr.png>
<./EJ8_RR2/dif5corerr2.png, id=116, 1030.85126pt x 247.92625pt>
File: ./EJ8_RR2/dif5corerr2.png Graphic file (type png)

<use ./EJ8_RR2/dif5corerr2.png>
Underfull \vbox (badness 3088) has occurred while \output is active []

 [22 <./EJ8_RR2/dif10corerr.png (PNG copy)> <./EJ8_RR2/dif10corerr2.png (PNG co
py)> <./EJ8_RR2/dif5corerr.png (PNG copy)>]
Underfull \hbox (badness 10000) in paragraph at lines 440--446

 []


Underfull \hbox (badness 10000) in paragraph at lines 447--451

 []


Underfull \hbox (badness 10000) in paragraph at lines 458--459

 []


Underfull \hbox (badness 10000) in paragraph at lines 467--468

 []


Underfull \hbox (badness 10000) in paragraph at lines 469--470

 []


Underfull \hbox (badness 10000) in paragraph at lines 471--472

 []


Underfull \hbox (badness 10000) in paragraph at lines 479--480

 []

<fixedej8a.png, id=120, 1030.85126pt x 308.15125pt>
File: fixedej8a.png Graphic file (type png)
 <use fixedej8a.png>
Underfull \hbox (badness 10000) in paragraph at lines 486--487

 []

[23 <./EJ8_RR2/dif5corerr2.png (PNG copy)> <./fixedej8a.png (PNG copy)>]
Underfull \hbox (badness 10000) in paragraph at lines 488--489

 []


Underfull \hbox (badness 10000) in paragraph at lines 490--491

 []


Underfull \hbox (badness 10000) in paragraph at lines 492--493

 []


Underfull \hbox (badness 10000) in paragraph at lines 494--495

 []


Underfull \hbox (badness 10000) in paragraph at lines 502--503

 []

<Dynamicej8b.png, id=124, 1030.85126pt x 308.15125pt>
File: Dynamicej8b.png Graphic file (type png)
 <use Dynamicej8b.png>
Underfull \hbox (badness 10000) in paragraph at lines 509--513

 []


Underfull \hbox (badness 10000) in paragraph at lines 514--518

 []


Underfull \hbox (badness 10000) in paragraph at lines 519--520

 []


Underfull \hbox (badness 10000) in paragraph at lines 532--534

 []


Underfull \hbox (badness 10000) in paragraph at lines 535--536

 []

<Fixed8c.png, id=125, 1030.85126pt x 308.15125pt>
File: Fixed8c.png Graphic file (type png)
 <use Fixed8c.png> [24 <./Dynamicej8b.png (PNG copy)>] <Dynamic8c.png, id=129, 
1030.85126pt x 308.15125pt>
File: Dynamic8c.png Graphic file (type png)

<use Dynamic8c.png>
Underfull \hbox (badness 10000) in paragraph at lines 548--552

 []

) [25 <./Fixed8c.png (PNG copy)> <./Dynamic8c.png (PNG copy)>]
Overfull \hbox (50.16331pt too wide) in paragraph at lines 144--146
\OT1/cmr/m/n/10 (\OML/cmm/m/it/10 https \OT1/cmr/m/n/10 : \OML/cmm/m/it/10 ==ev
a:fing:edu:uy=pluginfile:php=\OT1/cmr/m/n/10 75120\OML/cmm/m/it/10 =mod[]resour
ce=content=\OT1/cmr/m/n/10 1\OML/cmm/m/it/10 =\OT1/cmr/m/n/10 6 \OMS/cmsy/m/n/1
0 ^^@ \OML/cmm/m/it/10 SO \OMS/cmsy/m/n/10 ^^@ \OML/cmm/m/it/10 Teo \OMS/cmsy/m
/n/10 ^^@ \OML/cmm/m/it/10 Planificacion:pdf\OT1/cmr/m/n/10 )$ 
 []

AED: lastpage setting LastPage

Package Fancyhdr Warning: \headheight is too small (12.0pt): 
 Make it at least 13.07225pt.
 We now make it that large for the rest of the document.
 This may cause the page layout to be inconsistent, however.

[26] (./informe(1).aux) ) 
Here is how much of TeX's memory you used:
 1874 strings out of 495061
 26057 string characters out of 1182621
 84185 words of memory out of 3000000
 5012 multiletter control sequences out of 15000+50000
 5978 words of font info for 22 fonts, out of 3000000 for 9000
 28 hyphenation exceptions out of 8191
 28i,11n,43p,479b,295s stack positions out of 5000i,500n,10000p,200000b,50000s
</usr/share/texmf-texlive/fonts/type1/public/amsfonts/
cm/cmbx10.pfb></usr/share/texmf-texlive/fonts/type1/public/amsfonts/cm/cmbx12.p
fb></usr/share/texmf-texlive/fonts/type1/public/amsfonts/cm/cmmi10.pfb></usr/sh
are/texmf-texlive/fonts/type1/public/amsfonts/cm/cmmi7.pfb></usr/share/texmf-te
xlive/fonts/type1/public/amsfonts/cm/cmr10.pfb></usr/share/texmf-texlive/fonts/
type1/public/amsfonts/cm/cmr12.pfb></usr/share/texmf-texlive/fonts/type1/public
/amsfonts/cm/cmr17.pfb></usr/share/texmf-texlive/fonts/type1/public/amsfonts/cm
/cmr7.pfb></usr/share/texmf-texlive/fonts/type1/public/amsfonts/cm/cmsl10.pfb><
/usr/share/texmf-texlive/fonts/type1/public/amsfonts/cm/cmsy10.pfb></usr/share/
texmf-texlive/fonts/type1/public/amsfonts/cm/cmtt10.pfb>
Output written on informe(1).pdf (26 pages, 1436396 bytes).
PDF statistics:
 172 PDF objects out of 1000 (max. 8388607)
 0 named destinations out of 1000 (max. 500000)
 201 words of extra memory for PDF output out of 10000 (max. 10000000)

